<?xml version="1.0" encoding="UTF-8"?>
<!-- Generated by org.testng.reporters.JUnitReportReporter -->
<testsuite skipped="0" hostname="DESKTOP-GSD7FUT" name="Demo.maven.Testmaven" tests="1" failures="0" timestamp="10 Apr 2018 16:36:56 GMT" time="0.016" errors="0">
  <testcase name="testmaven1" time="0.016" classname="Demo.maven.Testmaven"/>
</testsuite> <!-- Demo.maven.Testmaven -->
